Num of files:	588
Output is:	/home/thomas/Research/Quant_Mo/sample
Shape of the array is: (1, 64, 64, 2)
Size of the array is: 144.0B

Shape of the array is: (2, 64, 64, 2)
Size of the array is: 128.1KiB

Shape of the array is: (3, 64, 64, 2)
Size of the array is: 192.1KiB

Shape of the array is: (4, 64, 64, 2)
Size of the array is: 256.1KiB

Shape of the array is: (5, 64, 64, 2)
Size of the array is: 320.1KiB

Shape of the array is: (6, 64, 64, 2)
Size of the array is: 384.1KiB

Shape of the array is: (7, 64, 64, 2)
Size of the array is: 448.1KiB

Shape of the array is: (8, 64, 64, 2)
Size of the array is: 512.1KiB

Shape of the array is: (9, 64, 64, 2)
Size of the array is: 576.1KiB

Shape of the array is: (10, 64, 64, 2)
Size of the array is: 640.1KiB

Shape of the array is: (11, 64, 64, 2)
Size of the array is: 704.1KiB

Shape of the array is: (12, 64, 64, 2)
Size of the array is: 768.1KiB

Shape of the array is: (13, 64, 64, 2)
Size of the array is: 832.1KiB

Shape of the array is: (14, 64, 64, 2)
Size of the array is: 896.1KiB

Shape of the array is: (15, 64, 64, 2)
Size of the array is: 960.1KiB

Shape of the array is: (16, 64, 64, 2)
Size of the array is: 1.0MiB

Shape of the array is: (17, 64, 64, 2)
Size of the array is: 1.1MiB

Shape of the array is: (18, 64, 64, 2)
Size of the array is: 1.1MiB

Shape of the array is: (19, 64, 64, 2)
Size of the array is: 1.2MiB

Shape of the array is: (20, 64, 64, 2)
Size of the array is: 1.3MiB

Shape of the array is: (21, 64, 64, 2)
Size of the array is: 1.3MiB

Shape of the array is: (22, 64, 64, 2)
Size of the array is: 1.4MiB

Shape of the array is: (23, 64, 64, 2)
Size of the array is: 1.4MiB

Shape of the array is: (24, 64, 64, 2)
Size of the array is: 1.5MiB

Shape of the array is: (25, 64, 64, 2)
Size of the array is: 1.6MiB

Shape of the array is: (26, 64, 64, 2)
Size of the array is: 1.6MiB

Shape of the array is: (27, 64, 64, 2)
Size of the array is: 1.7MiB

Shape of the array is: (28, 64, 64, 2)
Size of the array is: 1.8MiB

Shape of the array is: (29, 64, 64, 2)
Size of the array is: 1.8MiB

Shape of the array is: (30, 64, 64, 2)
Size of the array is: 1.9MiB

Shape of the array is: (31, 64, 64, 2)
Size of the array is: 1.9MiB

Shape of the array is: (32, 64, 64, 2)
Size of the array is: 2.0MiB

Shape of the array is: (33, 64, 64, 2)
Size of the array is: 2.1MiB

Shape of the array is: (34, 64, 64, 2)
Size of the array is: 2.1MiB

Shape of the array is: (35, 64, 64, 2)
Size of the array is: 2.2MiB

Shape of the array is: (36, 64, 64, 2)
Size of the array is: 2.3MiB

Shape of the array is: (37, 64, 64, 2)
Size of the array is: 2.3MiB

Shape of the array is: (38, 64, 64, 2)
Size of the array is: 2.4MiB

Shape of the array is: (39, 64, 64, 2)
Size of the array is: 2.4MiB

Shape of the array is: (40, 64, 64, 2)
Size of the array is: 2.5MiB

Shape of the array is: (41, 64, 64, 2)
Size of the array is: 2.6MiB

Shape of the array is: (42, 64, 64, 2)
Size of the array is: 2.6MiB

Shape of the array is: (43, 64, 64, 2)
Size of the array is: 2.7MiB

Shape of the array is: (44, 64, 64, 2)
Size of the array is: 2.8MiB

Shape of the array is: (45, 64, 64, 2)
Size of the array is: 2.8MiB

Shape of the array is: (46, 64, 64, 2)
Size of the array is: 2.9MiB

Shape of the array is: (47, 64, 64, 2)
Size of the array is: 2.9MiB

Shape of the array is: (48, 64, 64, 2)
Size of the array is: 3.0MiB

Shape of the array is: (49, 64, 64, 2)
Size of the array is: 3.1MiB

Shape of the array is: (50, 64, 64, 2)
Size of the array is: 3.1MiB

Shape of the array is: (51, 64, 64, 2)
Size of the array is: 3.2MiB

Shape of the array is: (52, 64, 64, 2)
Size of the array is: 3.3MiB

Shape of the array is: (53, 64, 64, 2)
Size of the array is: 3.3MiB

Shape of the array is: (54, 64, 64, 2)
Size of the array is: 3.4MiB

Shape of the array is: (55, 64, 64, 2)
Size of the array is: 3.4MiB

Shape of the array is: (56, 64, 64, 2)
Size of the array is: 3.5MiB

Shape of the array is: (57, 64, 64, 2)
Size of the array is: 3.6MiB

Shape of the array is: (58, 64, 64, 2)
Size of the array is: 3.6MiB

Shape of the array is: (59, 64, 64, 2)
Size of the array is: 3.7MiB

Shape of the array is: (60, 64, 64, 2)
Size of the array is: 3.8MiB

Shape of the array is: (61, 64, 64, 2)
Size of the array is: 3.8MiB

Shape of the array is: (62, 64, 64, 2)
Size of the array is: 3.9MiB

Shape of the array is: (63, 64, 64, 2)
Size of the array is: 3.9MiB

Shape of the array is: (64, 64, 64, 2)
Size of the array is: 4.0MiB

Shape of the array is: (65, 64, 64, 2)
Size of the array is: 4.1MiB

Shape of the array is: (66, 64, 64, 2)
Size of the array is: 4.1MiB

Shape of the array is: (67, 64, 64, 2)
Size of the array is: 4.2MiB

Shape of the array is: (68, 64, 64, 2)
Size of the array is: 4.3MiB

Shape of the array is: (69, 64, 64, 2)
Size of the array is: 4.3MiB

Shape of the array is: (70, 64, 64, 2)
Size of the array is: 4.4MiB

Shape of the array is: (71, 64, 64, 2)
Size of the array is: 4.4MiB

Shape of the array is: (72, 64, 64, 2)
Size of the array is: 4.5MiB

Shape of the array is: (73, 64, 64, 2)
Size of the array is: 4.6MiB

Shape of the array is: (74, 64, 64, 2)
Size of the array is: 4.6MiB

Shape of the array is: (75, 64, 64, 2)
Size of the array is: 4.7MiB

Shape of the array is: (76, 64, 64, 2)
Size of the array is: 4.8MiB

Shape of the array is: (77, 64, 64, 2)
Size of the array is: 4.8MiB

Shape of the array is: (78, 64, 64, 2)
Size of the array is: 4.9MiB

Shape of the array is: (79, 64, 64, 2)
Size of the array is: 4.9MiB

Shape of the array is: (80, 64, 64, 2)
Size of the array is: 5.0MiB

Shape of the array is: (81, 64, 64, 2)
Size of the array is: 5.1MiB

Shape of the array is: (82, 64, 64, 2)
Size of the array is: 5.1MiB

Shape of the array is: (83, 64, 64, 2)
Size of the array is: 5.2MiB

Shape of the array is: (84, 64, 64, 2)
Size of the array is: 5.3MiB

Shape of the array is: (85, 64, 64, 2)
Size of the array is: 5.3MiB

Shape of the array is: (86, 64, 64, 2)
Size of the array is: 5.4MiB

Shape of the array is: (87, 64, 64, 2)
Size of the array is: 5.4MiB

Shape of the array is: (88, 64, 64, 2)
Size of the array is: 5.5MiB

Shape of the array is: (89, 64, 64, 2)
Size of the array is: 5.6MiB

Shape of the array is: (90, 64, 64, 2)
Size of the array is: 5.6MiB

Shape of the array is: (91, 64, 64, 2)
Size of the array is: 5.7MiB

Shape of the array is: (92, 64, 64, 2)
Size of the array is: 5.8MiB

Shape of the array is: (93, 64, 64, 2)
Size of the array is: 5.8MiB

Shape of the array is: (94, 64, 64, 2)
Size of the array is: 5.9MiB

Shape of the array is: (95, 64, 64, 2)
Size of the array is: 5.9MiB

Shape of the array is: (96, 64, 64, 2)
Size of the array is: 6.0MiB

Shape of the array is: (97, 64, 64, 2)
Size of the array is: 6.1MiB

Shape of the array is: (98, 64, 64, 2)
Size of the array is: 6.1MiB

Shape of the array is: (99, 64, 64, 2)
Size of the array is: 6.2MiB

Shape of the array is: (100, 64, 64, 2)
Size of the array is: 6.3MiB

Shape of the array is: (101, 64, 64, 2)
Size of the array is: 6.3MiB

Shape of the array is: (102, 64, 64, 2)
Size of the array is: 6.4MiB

Shape of the array is: (103, 64, 64, 2)
Size of the array is: 6.4MiB

Shape of the array is: (104, 64, 64, 2)
Size of the array is: 6.5MiB

Shape of the array is: (105, 64, 64, 2)
Size of the array is: 6.6MiB

Shape of the array is: (106, 64, 64, 2)
Size of the array is: 6.6MiB

Shape of the array is: (107, 64, 64, 2)
Size of the array is: 6.7MiB

Shape of the array is: (108, 64, 64, 2)
Size of the array is: 6.8MiB

Shape of the array is: (109, 64, 64, 2)
Size of the array is: 6.8MiB

Shape of the array is: (110, 64, 64, 2)
Size of the array is: 6.9MiB

Shape of the array is: (111, 64, 64, 2)
Size of the array is: 6.9MiB

Shape of the array is: (112, 64, 64, 2)
Size of the array is: 7.0MiB

Shape of the array is: (113, 64, 64, 2)
Size of the array is: 7.1MiB

Shape of the array is: (114, 64, 64, 2)
Size of the array is: 7.1MiB

Shape of the array is: (115, 64, 64, 2)
Size of the array is: 7.2MiB

Shape of the array is: (116, 64, 64, 2)
Size of the array is: 7.3MiB

Shape of the array is: (117, 64, 64, 2)
Size of the array is: 7.3MiB

Shape of the array is: (118, 64, 64, 2)